<?xml version="1.0" encoding="UTF-8"?>
<!-- Generated by org.testng.reporters.JUnitReportReporter -->
<testsuite skipped="0" hostname="DESKTOP-0MIMBQV" name="com.Ebanking.Master.Roleng" tests="1" failures="0" timestamp="01 May 2020 10:29:10 GMT" time="5.717" errors="0">
  <testcase name="newRole" time="5.717" classname="com.Ebanking.Master.Roleng"/>
</testsuite> <!-- com.Ebanking.Master.Roleng -->
