<?xml version="1.0" encoding="UTF-8"?>
<!-- Generated by org.testng.reporters.JUnitReportReporter -->
<testsuite skipped="0" hostname="DESKTOP-0MIMBQV" name="com.Ebanking.Master.Employeeng" tests="1" failures="0" timestamp="01 May 2020 10:29:10 GMT" time="5.391" errors="0">
  <testcase name="newemp" time="5.391" classname="com.Ebanking.Master.Employeeng"/>
</testsuite> <!-- com.Ebanking.Master.Employeeng -->
