<?xml version="1.0" encoding="UTF-8"?>
<!-- Generated by org.testng.reporters.JUnitReportReporter -->
<testsuite skipped="0" hostname="DESKTOP-0MIMBQV" name="com.Ebanking.Master.Roleng" tests="3" failures="0" timestamp="05 May 2020 10:53:56 GMT" time="13.096" errors="0">
  <testcase name="newRole" time="4.274" classname="com.Ebanking.Master.Roleng"/>
  <testcase name="newRole" time="4.254" classname="com.Ebanking.Master.Roleng"/>
  <testcase name="newRole" time="4.568" classname="com.Ebanking.Master.Roleng"/>
</testsuite> <!-- com.Ebanking.Master.Roleng -->
