<?xml version="1.0" encoding="UTF-8"?>
<!-- Generated by org.testng.reporters.JUnitReportReporter -->
<testsuite skipped="0" hostname="DESKTOP-0MIMBQV" name="com.Ebanking.Master.POMexe" tests="1" failures="0" timestamp="05 May 2020 19:08:24 GMT" time="48.651" errors="0">
  <testcase name="rndHPLogin" time="48.651" classname="com.Ebanking.Master.POMexe"/>
</testsuite> <!-- com.Ebanking.Master.POMexe -->
