<?xml version="1.0" encoding="UTF-8"?>
<!-- Generated by org.testng.reporters.JUnitReportReporter -->
<testsuite skipped="0" hostname="DESKTOP-0MIMBQV" name="com.Ebanking.Master.ExePomBranch" tests="3" failures="0" timestamp="07 May 2020 10:03:30 GMT" time="115.805" errors="0">
  <testcase name="rndHPLogin" time="40.233" classname="com.Ebanking.Master.ExePomBranch"/>
  <testcase name="rndHPLogin" time="31.353" classname="com.Ebanking.Master.ExePomBranch"/>
  <testcase name="rndHPLogin" time="44.219" classname="com.Ebanking.Master.ExePomBranch"/>
</testsuite> <!-- com.Ebanking.Master.ExePomBranch -->
