<?xml version="1.0" encoding="UTF-8"?>
<!-- Generated by org.testng.reporters.JUnitReportReporter -->
<testsuite skipped="0" hostname="DESKTOP-0MIMBQV" name="com.Ebanking.Master.ExePomEmployee" tests="3" failures="0" timestamp="07 May 2020 09:06:25 GMT" time="121.507" errors="0">
  <testcase name="rndHPLogin" time="52.416" classname="com.Ebanking.Master.ExePomEmployee"/>
  <testcase name="rndHPLogin" time="33.775" classname="com.Ebanking.Master.ExePomEmployee"/>
  <testcase name="rndHPLogin" time="35.316" classname="com.Ebanking.Master.ExePomEmployee"/>
</testsuite> <!-- com.Ebanking.Master.ExePomEmployee -->
