<?xml version="1.0" encoding="UTF-8"?>
<!-- Generated by org.testng.reporters.JUnitReportReporter -->
<testsuite skipped="0" hostname="DESKTOP-0MIMBQV" name="com.Ebanking.Master.ExePomRoles" tests="3" failures="0" timestamp="07 May 2020 09:37:04 GMT" time="96.146" errors="0">
  <testcase name="rndHPLogin" time="21.672" classname="com.Ebanking.Master.ExePomRoles"/>
  <testcase name="rndHPLogin" time="27.274" classname="com.Ebanking.Master.ExePomRoles"/>
  <testcase name="rndHPLogin" time="47.200" classname="com.Ebanking.Master.ExePomRoles"/>
</testsuite> <!-- com.Ebanking.Master.ExePomRoles -->
