<?xml version="1.0" encoding="UTF-8"?>
<!-- Generated by org.testng.reporters.JUnitReportReporter -->
<testsuite skipped="0" hostname="DESKTOP-0MIMBQV" name="com.Ebanking.Master.allBranchCreations" tests="3" failures="0" timestamp="04 May 2020 08:34:37 GMT" time="15.933" errors="0">
  <testcase name="newRole" time="5.064" classname="com.Ebanking.Master.allBranchCreations"/>
  <testcase name="newBranch" time="4.879" classname="com.Ebanking.Master.allBranchCreations"/>
  <testcase name="newemp" time="5.990" classname="com.Ebanking.Master.allBranchCreations"/>
</testsuite> <!-- com.Ebanking.Master.allBranchCreations -->
