<?xml version="1.0" encoding="UTF-8"?>
<!-- Generated by org.testng.reporters.JUnitReportReporter -->
<testsuite skipped="0" hostname="DESKTOP-0MIMBQV" name="com.Ebanking.Master.Employeeng" tests="3" failures="0" timestamp="05 May 2020 10:53:56 GMT" time="14.918" errors="0">
  <testcase name="newemp" time="4.940" classname="com.Ebanking.Master.Employeeng"/>
  <testcase name="newemp" time="4.940" classname="com.Ebanking.Master.Employeeng"/>
  <testcase name="newemp" time="5.038" classname="com.Ebanking.Master.Employeeng"/>
</testsuite> <!-- com.Ebanking.Master.Employeeng -->
