<?xml version="1.0" encoding="UTF-8"?>
<!-- Generated by org.testng.reporters.JUnitReportReporter -->
<testsuite skipped="0" hostname="DESKTOP-0MIMBQV" name="com.Ebanking.Master.Libraryng" tests="7" failures="0" timestamp="30 Apr 2020 10:31:47 GMT" time="40.409" errors="0">
  <testcase name="openApp" time="18.092" classname="com.Ebanking.Master.Libraryng"/>
  <testcase name="adminlogin" time="0.894" classname="com.Ebanking.Master.Libraryng"/>
  <testcase name="newBranchCreation" time="3.359" classname="com.Ebanking.Master.Libraryng"/>
  <testcase name="newRole" time="4.904" classname="com.Ebanking.Master.Libraryng"/>
  <testcase name="newEmployee" time="5.803" classname="com.Ebanking.Master.Libraryng"/>
  <testcase name="logout" time="0.382" classname="com.Ebanking.Master.Libraryng"/>
  <testcase name="closeWindow" time="6.975" classname="com.Ebanking.Master.Libraryng"/>
</testsuite> <!-- com.Ebanking.Master.Libraryng -->
