<?xml version="1.0" encoding="UTF-8"?>
<!-- Generated by org.testng.reporters.JUnitReportReporter -->
<testsuite skipped="0" hostname="DESKTOP-0MIMBQV" name="com.Ebanking.Master.Branchng" tests="3" failures="0" timestamp="05 May 2020 10:53:56 GMT" time="9.733" errors="0">
  <testcase name="newBranch" time="3.809" classname="com.Ebanking.Master.Branchng"/>
  <testcase name="newBranch" time="2.752" classname="com.Ebanking.Master.Branchng"/>
  <testcase name="newBranch" time="3.172" classname="com.Ebanking.Master.Branchng"/>
</testsuite> <!-- com.Ebanking.Master.Branchng -->
